Determining if the function sgemm_ exists failed with the following output:
Change Dir: /home/robesafe/Navil/navil_rbs_control_modules/cpp_controllers/rbs_lqr_cpp/build/CMakeFiles/CMakeTmp

Run Build Command(s):/usr/bin/gmake -f Makefile cmTC_1943f/fast && /usr/bin/gmake  -f CMakeFiles/cmTC_1943f.dir/build.make CMakeFiles/cmTC_1943f.dir/build
gmake[1]: Entering directory '/home/robesafe/Navil/navil_rbs_control_modules/cpp_controllers/rbs_lqr_cpp/build/CMakeFiles/CMakeTmp'
Building C object CMakeFiles/cmTC_1943f.dir/CheckFunctionExists.c.o
/usr/bin/cc   -DCHECK_FUNCTION_EXISTS=sgemm_ -o CMakeFiles/cmTC_1943f.dir/CheckFunctionExists.c.o -c /usr/share/cmake-3.22/Modules/CheckFunctionExists.c
Linking C executable cmTC_1943f
/usr/bin/cmake -E cmake_link_script CMakeFiles/cmTC_1943f.dir/link.txt --verbose=1
/usr/bin/cc  -DCHECK_FUNCTION_EXISTS=sgemm_ CMakeFiles/cmTC_1943f.dir/CheckFunctionExists.c.o -o cmTC_1943f 
/usr/bin/ld: CMakeFiles/cmTC_1943f.dir/CheckFunctionExists.c.o: in function `main':
CheckFunctionExists.c:(.text+0x14): undefined reference to `sgemm_'
collect2: error: ld returned 1 exit status
gmake[1]: *** [CMakeFiles/cmTC_1943f.dir/build.make:99: cmTC_1943f] Error 1
gmake[1]: Leaving directory '/home/robesafe/Navil/navil_rbs_control_modules/cpp_controllers/rbs_lqr_cpp/build/CMakeFiles/CMakeTmp'
gmake: *** [Makefile:127: cmTC_1943f/fast] Error 2



Determining if the function cheev_ exists failed with the following output:
Change Dir: /home/robesafe/Navil/navil_rbs_control_modules/cpp_controllers/rbs_lqr_cpp/build/CMakeFiles/CMakeTmp

Run Build Command(s):/usr/bin/gmake -f Makefile cmTC_34d2e/fast && /usr/bin/gmake  -f CMakeFiles/cmTC_34d2e.dir/build.make CMakeFiles/cmTC_34d2e.dir/build
gmake[1]: Entering directory '/home/robesafe/Navil/navil_rbs_control_modules/cpp_controllers/rbs_lqr_cpp/build/CMakeFiles/CMakeTmp'
Building C object CMakeFiles/cmTC_34d2e.dir/CheckFunctionExists.c.o
/usr/bin/cc   -DCHECK_FUNCTION_EXISTS=cheev_ -o CMakeFiles/cmTC_34d2e.dir/CheckFunctionExists.c.o -c /usr/share/cmake-3.22/Modules/CheckFunctionExists.c
Linking C executable cmTC_34d2e
/usr/bin/cmake -E cmake_link_script CMakeFiles/cmTC_34d2e.dir/link.txt --verbose=1
/usr/bin/cc  -DCHECK_FUNCTION_EXISTS=cheev_ CMakeFiles/cmTC_34d2e.dir/CheckFunctionExists.c.o -o cmTC_34d2e  /usr/lib/x86_64-linux-gnu/libblas.so -lm -ldl 
/usr/bin/ld: CMakeFiles/cmTC_34d2e.dir/CheckFunctionExists.c.o: in function `main':
CheckFunctionExists.c:(.text+0x14): undefined reference to `cheev_'
collect2: error: ld returned 1 exit status
gmake[1]: *** [CMakeFiles/cmTC_34d2e.dir/build.make:100: cmTC_34d2e] Error 1
gmake[1]: Leaving directory '/home/robesafe/Navil/navil_rbs_control_modules/cpp_controllers/rbs_lqr_cpp/build/CMakeFiles/CMakeTmp'
gmake: *** [Makefile:127: cmTC_34d2e/fast] Error 2



Determining if the function cheev_ exists failed with the following output:
Change Dir: /home/robesafe/Navil/navil_rbs_control_modules/cpp_controllers/rbs_lqr_cpp/build/CMakeFiles/CMakeTmp

Run Build Command(s):/usr/bin/gmake -f Makefile cmTC_6daec/fast && /usr/bin/gmake  -f CMakeFiles/cmTC_6daec.dir/build.make CMakeFiles/cmTC_6daec.dir/build
gmake[1]: Entering directory '/home/robesafe/Navil/navil_rbs_control_modules/cpp_controllers/rbs_lqr_cpp/build/CMakeFiles/CMakeTmp'
Building C object CMakeFiles/cmTC_6daec.dir/CheckFunctionExists.c.o
/usr/bin/cc   -DCHECK_FUNCTION_EXISTS=cheev_ -o CMakeFiles/cmTC_6daec.dir/CheckFunctionExists.c.o -c /usr/share/cmake-3.22/Modules/CheckFunctionExists.c
Linking C executable cmTC_6daec
/usr/bin/cmake -E cmake_link_script CMakeFiles/cmTC_6daec.dir/link.txt --verbose=1
/usr/bin/cc  -DCHECK_FUNCTION_EXISTS=cheev_ CMakeFiles/cmTC_6daec.dir/CheckFunctionExists.c.o -o cmTC_6daec  /usr/lib/x86_64-linux-gnu/liblapack.so /usr/lib/x86_64-linux-gnu/libblas.so -fortranlibs 
cc: error: unrecognized command-line option ‘-fortranlibs’
gmake[1]: *** [CMakeFiles/cmTC_6daec.dir/build.make:101: cmTC_6daec] Error 1
gmake[1]: Leaving directory '/home/robesafe/Navil/navil_rbs_control_modules/cpp_controllers/rbs_lqr_cpp/build/CMakeFiles/CMakeTmp'
gmake: *** [Makefile:127: cmTC_6daec/fast] Error 2



